<?xml version="1.0" encoding="UTF-8"?>
<!-- Generated by org.testng.reporters.JUnitReportReporter -->
<testsuite skipped="0" hostname="ip-172-31-87-20" name="restAPI.PostRequestWithJSON" tests="1" failures="0" timestamp="02 Dec 2021 04:40:03 GMT" time="1.924" errors="0">
  <testcase name="PostCall" time="1.924" classname="restAPI.PostRequestWithJSON"/>
</testsuite> <!-- restAPI.PostRequestWithJSON -->
