<?xml version="1.0" encoding="UTF-8"?>
<!-- Generated by org.testng.reporters.JUnitReportReporter -->
<testsuite skipped="0" hostname="ip-172-31-87-20" name="restAPI.GetRequestWithParam" tests="1" failures="0" timestamp="30 Nov 2021 07:03:18 GMT" time="1.910" errors="0">
  <testcase name="GetCall" time="1.910" classname="restAPI.GetRequestWithParam"/>
</testsuite> <!-- restAPI.GetRequestWithParam -->
